10:53:06.192 INFO - Selenium build info: version: '3.8.1', revision: '6e95a6684b'
10:53:06.192 INFO - Launching a standalone Selenium Server
2018-02-05 10:53:06.260:INFO::main: Logging initialized @295ms to org.seleniumhq.jetty9.util.log.StdErrLog
10:53:06.291 INFO - Using `new FirefoxOptions()` is preferred to `DesiredCapabilities.firefox()`
10:53:06.307 INFO - Using `new ChromeOptions()` is preferred to `DesiredCapabilities.chrome()`
10:53:06.307 INFO - Using `new EdgeOptions()` is preferred to `DesiredCapabilities.edge()`
10:53:06.307 INFO - Driver class not found: com.opera.core.systems.OperaDriver
10:53:06.307 INFO - Using `new OperaOptions()` is preferred to `DesiredCapabilities.operaBlink()`
10:53:06.307 INFO - Using `new SafariOptions()` is preferred to `DesiredCapabilities.safari()`
10:53:06.307 INFO - Driver class not found: org.openqa.selenium.phantomjs.PhantomJSDriver
10:53:06.347 INFO - Driver provider class org.openqa.selenium.safari.SafariDriver registration is skipped:
 registration capabilities Capabilities {browserName: safari, platform: MAC, version: } does not match the current platform WIN10
10:53:06.385 INFO - Using `new ChromeOptions()` is preferred to `DesiredCapabilities.chrome()`
10:53:06.385 INFO - Using `new EdgeOptions()` is preferred to `DesiredCapabilities.edge()`
10:53:06.385 INFO - Using `new FirefoxOptions()` is preferred to `DesiredCapabilities.firefox()`
10:53:06.385 INFO - Using `new OperaOptions()` is preferred to `DesiredCapabilities.operaBlink()`
10:53:06.385 INFO - Using `new SafariOptions()` is preferred to `DesiredCapabilities.safari()`
10:53:06.400 INFO - Using the passthrough mode handler
2018-02-05 10:53:06.416:INFO:osjs.Server:main: jetty-9.4.7.v20170914
2018-02-05 10:53:06.448:WARN:osjs.SecurityHandler:main: ServletContext@o.s.j.s.ServletContextHandler@7cbd213e{/,null,STARTING} has uncovered http methods for path: /
2018-02-05 10:53:06.452:INFO:osjsh.ContextHandler:main: Started o.s.j.s.ServletContextHandler@7cbd213e{/,null,AVAILABLE}
2018-02-05 10:53:06.591:INFO:osjs.AbstractConnector:main: Started ServerConnector@b3d7190{HTTP/1.1,[http/1.1]}{0.0.0.0:4444}
2018-02-05 10:53:06.591:INFO:osjs.Server:main: Started @620ms
10:53:06.591 INFO - Selenium Server is up and running
2018-02-05 10:53:06.813:INFO:osjshC.ROOT:qtp1151020327-12: org.openqa.selenium.remote.server.WebDriverServlet-396f6598: Initialising WebDriverServlet
10:53:06.864 INFO - Found handler: org.openqa.selenium.remote.server.commandhandler.BeginSession@7a5fcc0c
10:53:06.868 INFO - /session: Executing POST on /session (handler: BeginSession)
10:53:06.922 INFO - Capabilities are: Capabilities {acceptSslCerts: true, browserName: chrome, javascriptEnabled: true, name: Quote JS}
10:53:06.922 INFO - Capabilities {acceptSslCerts: true, browserName: chrome, javascriptEnabled: true, name: Quote JS} matched class org.openqa.selenium.remote.server.ServicedSession$Factory (provider: org.openqa.selenium.chrome.ChromeDriverService)
Starting ChromeDriver 2.35.528161 (5b82f2d2aae0ca24b877009200ced9065a772e73) on port 8138
Only local connections are allowed.
10:53:09.246 INFO - Detected dialect: OSS
10:53:09.545 INFO - Found handler: org.openqa.selenium.remote.server.ServicedSession@f313e92
10:53:09.545 INFO - Handler thread for session 376125781cb6c4e3b7d57b5a919f8d21 (chrome): Executing POST on /session/376125781cb6c4e3b7d57b5a919f8d21/url (handler: ServicedSession)
10:53:09.545 INFO - To upstream: {"url":"http://localhost:3000"}
10:53:10.600 INFO - To downstream: {"sessionId":"376125781cb6c4e3b7d57b5a919f8d21","status":0,"value":null}
10:53:10.608 INFO - Found handler: org.openqa.selenium.remote.server.ServicedSession@f313e92
10:53:10.608 INFO - Handler thread for session 376125781cb6c4e3b7d57b5a919f8d21 (chrome): Executing POST on /session/376125781cb6c4e3b7d57b5a919f8d21/elements (handler: ServicedSession)
10:53:10.608 INFO - To upstream: {"using":"css selector","value":"body"}
10:53:10.624 INFO - To downstream: {"sessionId":"376125781cb6c4e3b7d57b5a919f8d21","status":0,"value":[{"ELEMENT":"0.1048652965068102-1"}]}
10:53:10.628 INFO - Found handler: org.openqa.selenium.remote.server.ServicedSession@f313e92
10:53:10.628 INFO - Handler thread for session 376125781cb6c4e3b7d57b5a919f8d21 (chrome): Executing GET on /session/376125781cb6c4e3b7d57b5a919f8d21/element/0.1048652965068102-1/displayed (handler: ServicedSession)
10:53:10.644 INFO - To downstream: {"sessionId":"376125781cb6c4e3b7d57b5a919f8d21","status":0,"value":true}
10:53:10.652 INFO - Found handler: org.openqa.selenium.remote.server.ServicedSession@f313e92
10:53:10.652 INFO - Handler thread for session 376125781cb6c4e3b7d57b5a919f8d21 (chrome): Executing GET on /session/376125781cb6c4e3b7d57b5a919f8d21/title (handler: ServicedSession)
10:53:10.660 INFO - To downstream: {"sessionId":"376125781cb6c4e3b7d57b5a919f8d21","status":0,"value":"Tests ESGI"}
10:53:10.668 INFO - Found handler: org.openqa.selenium.remote.server.ServicedSession@f313e92
10:53:10.668 INFO - Handler thread for session 376125781cb6c4e3b7d57b5a919f8d21 (chrome): Executing DELETE on /session/376125781cb6c4e3b7d57b5a919f8d21 (handler: ServicedSession)
10:53:10.695 INFO - To downstream: {"sessionId":"376125781cb6c4e3b7d57b5a919f8d21","status":0,"value":null}
10:53:10.695 INFO - Removing session org.openqa.selenium.remote.server.ServicedSession@f313e92
